\BOOKMARK [1][-]{section.1}{\376\377\116\000\060\001\225\356\230\230\221\315\217\360}{}% 1
\BOOKMARK [1][-]{section.2}{\376\377\116\214\060\001\152\041\127\213\120\107\213\276}{}% 2
\BOOKMARK [1][-]{section.3}{\376\377\116\011\060\001\173\046\123\367\213\364\146\016}{}% 3
\BOOKMARK [1][-]{section.4}{\376\377\126\333\060\001\225\356\230\230\122\006\147\220}{}% 4
\BOOKMARK [2][-]{subsection.4.1}{\376\377\0004\000.\0001\000\040\225\356\230\230\116\000}{section.4}% 5
\BOOKMARK [2][-]{subsection.4.2}{\376\377\0004\000.\0002\000\040\225\356\230\230\116\214}{section.4}% 6
\BOOKMARK [2][-]{subsection.4.3}{\376\377\0004\000.\0003\000\040\225\356\230\230\116\011}{section.4}% 7
\BOOKMARK [2][-]{subsection.4.4}{\376\377\0004\000.\0004\000\040\225\356\230\230\126\333}{section.4}% 8
\BOOKMARK [2][-]{subsection.4.5}{\376\377\0004\000.\0005\000\040\140\035\215\357\140\073\176\323}{section.4}% 9
\BOOKMARK [2][-]{subsection.4.6}{\376\377\0004\000.\0006\000\040\152\041\127\213\166\204\136\372\172\313\116\016\154\102\211\343}{section.4}% 10
\BOOKMARK [2][-]{subsection.4.7}{\376\377\0004\000.\0007\000\040\225\356\230\230\116\000\377\032\000C\000T\174\373\176\337\123\302\145\160\166\204\150\007\133\232}{section.4}% 11
\BOOKMARK [3][-]{section*.1}{\376\377\136\163\227\142\166\364\211\322\127\120\150\007\174\373\166\204\136\372\172\313}{subsection.4.7}% 12
\BOOKMARK [2][-]{subsection.4.8}{\376\377\0004\000.\0008\000\040\121\154\137\017\0001}{section.4}% 13
\BOOKMARK [2][-]{subsection.4.9}{\376\377\0004\000.\0009\000\040\121\154\137\017\0001}{section.4}% 14
\BOOKMARK [2][-]{subsection.4.10}{\376\377\0004\000.\0001\0000\000\040\121\154\137\017\0001}{section.4}% 15
\BOOKMARK [2][-]{subsection.4.11}{\376\377\0004\000.\0001\0001\000\040\121\154\137\017\0002}{section.4}% 16
\BOOKMARK [2][-]{subsection.4.12}{\376\377\0004\000.\0001\0002\000\040\121\154\137\017\0003}{section.4}% 17
\BOOKMARK [1][-]{section.5}{\376\377\116\224\060\001\210\150\150\074}{}% 18
\BOOKMARK [1][-]{section.6}{\376\377\121\155\060\001\126\376\162\107}{}% 19
\BOOKMARK [2][-]{subsection.6.1}{\376\377\0006\000.\0001\000\040\000e\000p\000s}{section.6}% 20
\BOOKMARK [2][-]{subsection.6.2}{\376\377\0006\000.\0002\000\040\000p\000d\000f}{section.6}% 21
\BOOKMARK [2][-]{subsection.6.3}{\376\377\0006\000.\0003\000\040\000j\000p\000g}{section.6}% 22
\BOOKMARK [1][-]{section.7}{\376\377\116\003\060\001\123\302\200\003\145\207\163\056}{}% 23
\BOOKMARK [1][-]{section.1}{\376\377\226\104\137\125\000A\000\040\000M\000a\000t\000l\000a\000b\172\013\136\217}{}% 24
\BOOKMARK [1][-]{section.2}{\376\377\226\104\137\125\000B\000\040\000C\000+\000+\172\013\136\217}{}% 25
